{"synthetic": false,
 "schemaVersion": "2025-09-10",
 "outputs":
 {"o": ["63f6ee2d2c4f5481.olean"],
  "m": false,
  "i": "b7e1eacc855de445.ilean",
  "c": "bd78efcbd802c331.c"},
 "log":
 [{"message":
   ".> LEAN_PATH=/Users/lyuyuwei/Documents/GitHub/Brouwer/.lake/packages/Cli/.lake/build/lib/lean:/Users/lyuyuwei/Documents/GitHub/Brouwer/.lake/packages/batteries/.lake/build/lib/lean:/Users/lyuyuwei/Documents/GitHub/Brouwer/.lake/packages/Qq/.lake/build/lib/lean:/Users/lyuyuwei/Documents/GitHub/Brouwer/.lake/packages/aesop/.lake/build/lib/lean:/Users/lyuyuwei/Documents/GitHub/Brouwer/.lake/packages/proofwidgets/.lake/build/lib/lean:/Users/lyuyuwei/Documents/GitHub/Brouwer/.lake/packages/importGraph/.lake/build/lib/lean:/Users/lyuyuwei/Documents/GitHub/Brouwer/.lake/packages/LeanSearchClient/.lake/build/lib/lean:/Users/lyuyuwei/Documents/GitHub/Brouwer/.lake/packages/plausible/.lake/build/lib/lean:/Users/lyuyuwei/Documents/GitHub/Brouwer/.lake/packages/mathlib/.lake/build/lib/lean:/Users/lyuyuwei/Documents/GitHub/Brouwer/.lake/build/lib/lean /Users/lyuyuwei/.elan/toolchains/leanprover--lean4---v4.30.0/bin/lean /Users/lyuyuwei/Documents/GitHub/Brouwer/Gametheory.lean -o /Users/lyuyuwei/Documents/GitHub/Brouwer/.lake/build/lib/lean/Gametheory.olean -i /Users/lyuyuwei/Documents/GitHub/Brouwer/.lake/build/lib/lean/Gametheory.ilean -c /Users/lyuyuwei/Documents/GitHub/Brouwer/.lake/build/ir/Gametheory.c --setup /Users/lyuyuwei/Documents/GitHub/Brouwer/.lake/build/ir/Gametheory.setup.json --json",
   "level": "trace"}],
 "inputs":
 [["Gametheory:deps",
   [["deps",
     [["Gametheory/Gametheory:extraDep",
       [["@Gametheory:extraDep", "00000000000006bb"]]],
      ["imports",
       [["Gametheory.Brouwer transitive imports (legacy)", "4a52cf899157c9b3"],
        ["Gametheory.Brouwer:importAllArts", "1577ffbaac58c355"],
        ["Gametheory.Nash transitive imports (legacy)", "677f3fe0875fc8a6"],
        ["Gametheory.Nash:importAllArts", "16b3932d0ab03ecd"],
        ["Gametheory.Simplex transitive imports (legacy)", "184ece062b5a8837"],
        ["Gametheory.Simplex:importAllArts", "3138338125fb0f35"]]]]],
    ["libs",
     [["import dynlibs", "00000000000006bb"],
      ["package external libraries", "00000000000006bb"],
      ["module dynlibs", "00000000000006bb"],
      ["module plugins", "00000000000006bb"]]]]],
  ["Lean 4.30.0, commit d024af099ca4bf2c86f649261ebf59565dc8c622",
   "2f4703bb19086252"],
  ["/Users/lyuyuwei/Documents/GitHub/Brouwer/Gametheory.lean",
   "6d475ea80b0f5b0d"],
  ["options", "00000000000006bb"],
  ["isModule: false", "feefd2a0d3a1847e"],
  ["Module.name: Gametheory", "b96a972dac38013b"],
  ["Package.id?: (some Gametheory)", "137e35212e02fd21"],
  ["Module.leanArgs: #[]", "00000000000006bb"]],
 "depHash": "efb1d08aa6edb67b"}