{"synthetic": false,
 "outputs":
 {"o": ["7629866593827363154"],
  "i": "14141320503160805383",
  "c": "13858278927683333218"},
 "log":
 [{"message":
   ".> LEAN_PATH=/Users/lyuyuwei/Documents/GitHub/Brouwer/.lake/packages/Cli/.lake/build/lib/lean:/Users/lyuyuwei/Documents/GitHub/Brouwer/.lake/packages/batteries/.lake/build/lib/lean:/Users/lyuyuwei/Documents/GitHub/Brouwer/.lake/packages/Qq/.lake/build/lib/lean:/Users/lyuyuwei/Documents/GitHub/Brouwer/.lake/packages/aesop/.lake/build/lib/lean:/Users/lyuyuwei/Documents/GitHub/Brouwer/.lake/packages/proofwidgets/.lake/build/lib/lean:/Users/lyuyuwei/Documents/GitHub/Brouwer/.lake/packages/importGraph/.lake/build/lib/lean:/Users/lyuyuwei/Documents/GitHub/Brouwer/.lake/packages/LeanSearchClient/.lake/build/lib/lean:/Users/lyuyuwei/Documents/GitHub/Brouwer/.lake/packages/plausible/.lake/build/lib/lean:/Users/lyuyuwei/Documents/GitHub/Brouwer/.lake/packages/mathlib/.lake/build/lib/lean:/Users/lyuyuwei/Documents/GitHub/Brouwer/.lake/build/lib/lean /Users/lyuyuwei/.elan/toolchains/leanprover--lean4---v4.22.0/bin/lean /Users/lyuyuwei/Documents/GitHub/Brouwer/Gametheory/Example.lean -o /Users/lyuyuwei/Documents/GitHub/Brouwer/.lake/build/lib/lean/Gametheory/Example.olean -i /Users/lyuyuwei/Documents/GitHub/Brouwer/.lake/build/lib/lean/Gametheory/Example.ilean -c /Users/lyuyuwei/Documents/GitHub/Brouwer/.lake/build/ir/Gametheory/Example.c --setup /Users/lyuyuwei/Documents/GitHub/Brouwer/.lake/build/ir/Gametheory/Example.setup.json --json",
   "level": "trace"}],
 "inputs":
 [["Gametheory.Example:deps",
   [["deps",
     [["Gametheory/Gametheory:extraDep", [["@Gametheory:extraDep", "1723"]]],
      ["import oleans",
       [["Mathlib:olean",
         [["Mathlib:deps", "9723543983440896081"],
          ["/Users/lyuyuwei/Documents/GitHub/Brouwer/.lake/packages/mathlib/.lake/build/lib/lean/Mathlib.olean",
           "4012991845282597754"]]],
        ["Gametheory.Nash:olean",
         [["Gametheory.Nash:deps", "6529009420938253937"],
          ["/Users/lyuyuwei/Documents/GitHub/Brouwer/.lake/build/lib/lean/Gametheory/Nash.olean",
           "9776127937455991760"]]]]]]],
    ["libs",
     [["import dynlibs", "1723"],
      ["package external libraries", "1723"],
      ["module dynlibs", "1723"],
      ["module plugins", "1723"]]]]],
  ["Lean 4.22.0, commit ba2cbbf09d4978f416e0ebd1fceeebc2c4138c05",
   "8739116525927611134"],
  ["/Users/lyuyuwei/Documents/GitHub/Brouwer/Gametheory/Example.lean",
   "6930798777056506466"],
  ["options", "1723"],
  ["Module.leanArgs: #[]", "1723"]],
 "depHash": "3872173874658846363"}