{"synthetic": false,
 "outputs":
 {"o": ["10865887282452114172"],
  "i": "10892456376119628680",
  "c": "8362261582133838909"},
 "log":
 [{"message":
   ".> LEAN_PATH=/Users/lvyuwei/Lean/.lake/packages/Cli/.lake/build/lib/lean:/Users/lvyuwei/Lean/.lake/packages/batteries/.lake/build/lib/lean:/Users/lvyuwei/Lean/.lake/packages/Qq/.lake/build/lib/lean:/Users/lvyuwei/Lean/.lake/packages/aesop/.lake/build/lib/lean:/Users/lvyuwei/Lean/.lake/packages/proofwidgets/.lake/build/lib/lean:/Users/lvyuwei/Lean/.lake/packages/importGraph/.lake/build/lib/lean:/Users/lvyuwei/Lean/.lake/packages/LeanSearchClient/.lake/build/lib/lean:/Users/lvyuwei/Lean/.lake/packages/plausible/.lake/build/lib/lean:/Users/lvyuwei/Lean/.lake/packages/mathlib/.lake/build/lib/lean:/Users/lvyuwei/Lean/.lake/build/lib/lean /Users/lvyuwei/.elan/toolchains/leanprover--lean4---v4.22.0/bin/lean /Users/lvyuwei/Lean/Gametheory/Nash1.lean -o /Users/lvyuwei/Lean/.lake/build/lib/lean/Gametheory/Nash1.olean -i /Users/lvyuwei/Lean/.lake/build/lib/lean/Gametheory/Nash1.ilean -c /Users/lvyuwei/Lean/.lake/build/ir/Gametheory/Nash1.c --setup /Users/lvyuwei/Lean/.lake/build/ir/Gametheory/Nash1.setup.json --json",
   "level": "trace"},
  {"message":
   "Gametheory/Nash1.lean:63:0: def FinGame.mixed_g.{u_1, u_2} : {G : FinGame} → G.I → ((i : G.I) → ↑(S (G.SS i))) → ℝ :=\nfun {G} i m => ∑ s, (∏ j, (m j) (s j)) * G.g i s",
   "level": "info"},
  {"message": "Gametheory/Nash1.lean:66:6: declaration uses 'sorry'",
   "level": "warning"},
  {"message": "Gametheory/Nash1.lean:88:8: declaration uses 'sorry'",
   "level": "warning"},
  {"message": "Gametheory/Nash1.lean:112:8: declaration uses 'sorry'",
   "level": "warning"}],
 "inputs":
 [["Gametheory.Nash1:deps",
   [["deps",
     [["Gametheory/Gametheory:extraDep", [["@Gametheory:extraDep", "1723"]]],
      ["import oleans",
       [["Mathlib:olean",
         [["Mathlib:deps", "8557109786630910532"],
          ["/Users/lvyuwei/Lean/.lake/packages/mathlib/.lake/build/lib/lean/Mathlib.olean",
           "4012991845282597754"]]],
        ["Gametheory.Simplex1:olean",
         [["Gametheory.Simplex1:deps", "11088238750977884174"],
          ["/Users/lvyuwei/Lean/.lake/build/lib/lean/Gametheory/Simplex1.olean",
           "17407691307289688755"]]]]]]],
    ["libs",
     [["import dynlibs", "1723"],
      ["package external libraries", "1723"],
      ["module dynlibs", "1723"],
      ["module plugins", "1723"]]]]],
  ["Lean 4.22.0, commit ba2cbbf09d4978f416e0ebd1fceeebc2c4138c05",
   "8739116525927611134"],
  ["/Users/lvyuwei/Lean/Gametheory/Nash1.lean", "10665401418629405306"],
  ["options", "1723"],
  ["Module.leanArgs: #[]", "1723"]],
 "depHash": "5975054269345521189"}